TN:
SF:src\controllers\auth.ts
FN:19,login
FN:28,me
FN:33,logout
FN:37,register
FNF:4
FNH:4
FNDA:3,login
FNDA:1,me
FNDA:1,logout
FNDA:2,register
DA:20,3
DA:21,3
DA:22,1
DA:24,2
DA:25,1
DA:29,1
DA:30,1
DA:34,1
DA:38,2
DA:39,2
DA:40,0
DA:42,2
DA:43,1
LF:13
LH:12
BRDA:21,0,0,1
BRDA:21,0,1,2
BRDA:39,1,0,0
BRDA:39,1,1,2
BRF:4
BRH:3
end_of_record
TN:
SF:src\controllers\dados-mestres.ts
FN:20,listCentros
FN:25,listSlas
FN:30,listRestricoes
FN:35,getConstantes
FN:40,getProdutoByCodigo
FNF:5
FNH:5
FNDA:1,listCentros
FNDA:1,listSlas
FNDA:1,listRestricoes
FNDA:1,getConstantes
FNDA:2,getProdutoByCodigo
DA:12,8
DA:21,1
DA:22,1
DA:26,1
DA:27,1
DA:31,1
DA:32,1
DA:36,1
DA:37,1
DA:41,2
DA:42,2
DA:43,0
DA:45,2
DA:46,1
LF:14
LH:13
BRDA:42,0,0,0
BRDA:42,0,1,2
BRF:2
BRH:1
end_of_record
TN:
SF:src\controllers\dashboard.ts
FN:15,getDashboard
FNF:1
FNH:1
FNDA:1,getDashboard
DA:6,8
DA:16,1
DA:17,1
DA:18,0
DA:21,1
DA:22,1
DA:23,1
DA:25,1
DA:26,1
LF:9
LH:8
BRDA:17,0,0,0
BRDA:17,0,1,1
BRDA:22,1,0,1
BRDA:22,1,1,0
BRDA:23,2,0,1
BRDA:23,2,1,0
BRF:6
BRH:3
end_of_record
TN:
SF:src\controllers\liberacoes.ts
FN:38,listLiberacoes
FN:46,createLiberacao
FN:55,getLiberacao
FN:62,updateLiberacao
FN:75,deleteLiberacao
FN:82,getLiberacaoItem
FN:89,updateLiberacaoItem
FNF:7
FNH:7
FNDA:1,listLiberacoes
FNDA:2,createLiberacao
FNDA:1,getLiberacao
FNDA:1,updateLiberacao
FNDA:1,deleteLiberacao
FNDA:1,getLiberacaoItem
FNDA:1,updateLiberacaoItem
DA:19,8
DA:26,8
DA:30,8
DA:39,1
DA:40,1
DA:41,0
DA:43,1
DA:47,2
DA:48,2
DA:49,1
DA:51,1
DA:52,1
DA:56,1
DA:57,1
DA:58,1
DA:59,1
DA:63,1
DA:64,1
DA:66,1
DA:67,1
DA:68,0
DA:71,1
DA:72,1
DA:76,1
DA:77,1
DA:78,1
DA:79,1
DA:83,1
DA:84,1
DA:85,1
DA:86,1
DA:90,1
DA:91,1
DA:93,1
DA:94,1
DA:95,0
DA:98,1
DA:99,1
LF:38
LH:35
BRDA:40,0,0,0
BRDA:40,0,1,1
BRDA:48,1,0,1
BRDA:48,1,1,1
BRDA:57,2,0,0
BRDA:57,2,1,1
BRDA:64,3,0,0
BRDA:64,3,1,1
BRDA:67,4,0,0
BRDA:67,4,1,1
BRDA:77,5,0,0
BRDA:77,5,1,1
BRDA:84,6,0,0
BRDA:84,6,1,1
BRDA:91,7,0,0
BRDA:91,7,1,1
BRDA:94,8,0,0
BRDA:94,8,1,1
BRF:18
BRH:10
end_of_record
TN:
SF:src\controllers\transferencias.ts
FN:47,listTransferencias
FN:55,createTransferencia
FN:64,exportTransferencias
FN:76,getTransferencia
FN:83,updateTransferencia
FN:96,deleteTransferencia
FN:103,getTransferenciaItem
FN:110,updateTransferenciaItem
FNF:8
FNH:8
FNDA:1,listTransferencias
FNDA:2,createTransferencia
FNDA:1,exportTransferencias
FNDA:1,getTransferencia
FNDA:1,updateTransferencia
FNDA:1,deleteTransferencia
FNDA:1,getTransferenciaItem
FNDA:1,updateTransferenciaItem
DA:20,8
DA:28,8
DA:34,8
DA:38,8
DA:48,1
DA:49,1
DA:50,0
DA:52,1
DA:56,2
DA:57,2
DA:58,1
DA:60,1
DA:61,1
DA:65,1
DA:66,1
DA:67,0
DA:69,1
DA:70,1
DA:77,1
DA:78,1
DA:79,1
DA:80,1
DA:84,1
DA:85,1
DA:87,1
DA:88,1
DA:89,0
DA:92,1
DA:93,1
DA:97,1
DA:98,1
DA:99,1
DA:100,1
DA:104,1
DA:105,1
DA:106,1
DA:107,1
DA:111,1
DA:112,1
DA:114,1
DA:115,1
DA:116,0
DA:119,1
DA:120,1
LF:44
LH:40
BRDA:49,0,0,0
BRDA:49,0,1,1
BRDA:57,1,0,1
BRDA:57,1,1,1
BRDA:66,2,0,0
BRDA:66,2,1,1
BRDA:78,3,0,0
BRDA:78,3,1,1
BRDA:85,4,0,0
BRDA:85,4,1,1
BRDA:88,5,0,0
BRDA:88,5,1,1
BRDA:98,6,0,0
BRDA:98,6,1,1
BRDA:105,7,0,0
BRDA:105,7,1,1
BRDA:112,8,0,0
BRDA:112,8,1,1
BRDA:115,9,0,0
BRDA:115,9,1,1
BRF:20
BRH:11
end_of_record
TN:
SF:src\controllers\travas.ts
FN:36,listTravas
FN:42,listTravasByArea
FN:46,getTrava
FN:52,createTrava
FN:58,updateTrava
FN:68,deleteTrava
FN:75,uploadTravas
FN:88,listMensagens
FN:94,createMensagem
FNF:9
FNH:9
FNDA:1,listTravas
FNDA:1,listTravasByArea
FNDA:2,getTrava
FNDA:3,createTrava
FNDA:1,updateTrava
FNDA:1,deleteTrava
FNDA:1,uploadTravas
FNDA:1,listMensagens
FNDA:1,createMensagem
DA:19,8
DA:27,8
DA:37,1
DA:38,1
DA:39,1
DA:43,1
DA:47,2
DA:48,2
DA:49,2
DA:53,3
DA:54,3
DA:55,2
DA:59,1
DA:60,1
DA:62,1
DA:63,1
DA:65,1
DA:69,1
DA:70,1
DA:71,1
DA:72,1
DA:76,1
DA:77,1
DA:78,1
DA:80,1
DA:81,1
DA:82,1
DA:84,1
DA:89,1
DA:90,1
DA:91,1
DA:95,1
DA:96,1
DA:98,1
DA:99,1
DA:101,1
LF:36
LH:36
BRDA:38,0,0,0
BRDA:38,0,1,1
BRDA:48,1,0,0
BRDA:48,1,1,2
BRDA:54,2,0,1
BRDA:54,2,1,2
BRDA:60,3,0,0
BRDA:60,3,1,1
BRDA:63,4,0,0
BRDA:63,4,1,1
BRDA:70,5,0,0
BRDA:70,5,1,1
BRDA:77,6,0,0
BRDA:77,6,1,1
BRDA:78,7,0,0
BRDA:78,7,1,1
BRDA:90,8,0,0
BRDA:90,8,1,1
BRDA:96,9,0,0
BRDA:96,9,1,1
BRDA:99,10,0,0
BRDA:99,10,1,1
BRF:22
BRH:12
end_of_record
TN:
SF:src\controllers\admin\centros.ts
FN:21,listCentros
FN:26,createCentro
FN:35,updateCentro
FN:48,deleteCentro
FN:55,uploadCentros
FNF:5
FNH:5
FNDA:1,listCentros
FNDA:1,createCentro
FNDA:1,updateCentro
FNDA:1,deleteCentro
FNDA:1,uploadCentros
DA:13,8
DA:22,1
DA:23,1
DA:27,1
DA:28,1
DA:29,0
DA:31,1
DA:32,1
DA:36,1
DA:37,1
DA:39,1
DA:40,1
DA:41,0
DA:44,1
DA:45,1
DA:49,1
DA:50,1
DA:51,1
DA:52,1
DA:56,1
DA:57,1
DA:58,1
DA:59,0
DA:62,1
DA:63,1
DA:64,1
DA:66,1
DA:67,1
LF:28
LH:25
BRDA:28,0,0,0
BRDA:28,0,1,1
BRDA:37,1,0,0
BRDA:37,1,1,1
BRDA:40,2,0,0
BRDA:40,2,1,1
BRDA:50,3,0,0
BRDA:50,3,1,1
BRDA:57,4,0,0
BRDA:57,4,1,1
BRDA:58,5,0,0
BRDA:58,5,1,1
BRF:12
BRH:6
end_of_record
TN:
SF:src\controllers\admin\constantes.ts
FN:6,getConstantes
FN:11,updateConstantes
FNF:2
FNH:2
FNDA:1,getConstantes
FNDA:1,updateConstantes
DA:7,1
DA:8,1
DA:12,1
DA:13,1
DA:14,0
DA:16,1
DA:17,1
LF:7
LH:6
BRDA:13,0,0,0
BRDA:13,0,1,1
BRF:2
BRH:1
end_of_record
TN:
SF:src\controllers\admin\marcas.ts
FN:28,listMarcas
FN:36,createMarca
FN:45,updateMarca
FN:58,deleteMarca
FN:65,uploadMarcas
FNF:5
FNH:5
FNDA:1,listMarcas
FNDA:1,createMarca
FNDA:1,updateMarca
FNDA:1,deleteMarca
FNDA:1,uploadMarcas
DA:13,8
DA:19,8
DA:29,1
DA:30,1
DA:31,0
DA:33,1
DA:37,1
DA:38,1
DA:39,0
DA:41,1
DA:42,1
DA:46,1
DA:47,1
DA:49,1
DA:50,1
DA:51,0
DA:54,1
DA:55,1
DA:59,1
DA:60,1
DA:61,1
DA:62,1
DA:66,1
DA:67,1
DA:68,1
DA:69,0
DA:72,1
DA:73,1
DA:74,1
DA:76,1
DA:77,1
LF:31
LH:27
BRDA:30,0,0,0
BRDA:30,0,1,1
BRDA:38,1,0,0
BRDA:38,1,1,1
BRDA:47,2,0,0
BRDA:47,2,1,1
BRDA:50,3,0,0
BRDA:50,3,1,1
BRDA:60,4,0,0
BRDA:60,4,1,1
BRDA:67,5,0,0
BRDA:67,5,1,1
BRDA:68,6,0,0
BRDA:68,6,1,1
BRF:14
BRH:7
end_of_record
TN:
SF:src\controllers\admin\products.ts
FN:29,listProducts
FN:37,createProduct
FN:46,updateProduct
FN:59,deleteProduct
FN:66,uploadProducts
FN:81,clearProducts
FNF:6
FNH:4
FNDA:1,listProducts
FNDA:0,createProduct
FNDA:1,updateProduct
FNDA:1,deleteProduct
FNDA:1,uploadProducts
FNDA:0,clearProducts
DA:14,8
DA:20,8
DA:30,1
DA:31,1
DA:32,0
DA:34,1
DA:38,0
DA:39,0
DA:40,0
DA:42,0
DA:43,0
DA:47,1
DA:48,1
DA:50,1
DA:51,1
DA:52,0
DA:55,1
DA:56,1
DA:60,1
DA:61,1
DA:62,1
DA:63,1
DA:67,1
DA:68,1
DA:69,1
DA:70,0
DA:73,1
DA:74,1
DA:75,1
DA:77,1
DA:78,1
DA:82,0
DA:83,0
LF:33
LH:23
BRDA:31,0,0,0
BRDA:31,0,1,1
BRDA:39,1,0,0
BRDA:39,1,1,0
BRDA:48,2,0,0
BRDA:48,2,1,1
BRDA:51,3,0,0
BRDA:51,3,1,1
BRDA:61,4,0,0
BRDA:61,4,1,1
BRDA:68,5,0,0
BRDA:68,5,1,1
BRDA:69,6,0,0
BRDA:69,6,1,1
BRF:14
BRH:6
end_of_record
TN:
SF:src\controllers\admin\restricoes.ts
FN:19,listRestricoes
FN:24,createRestricao
FN:33,deleteRestricao
FNF:3
FNH:3
FNDA:1,listRestricoes
FNDA:1,createRestricao
FNDA:1,deleteRestricao
DA:11,8
DA:20,1
DA:21,1
DA:25,1
DA:26,1
DA:27,0
DA:29,1
DA:30,1
DA:34,1
DA:35,1
DA:36,1
DA:37,1
LF:12
LH:11
BRDA:26,0,0,0
BRDA:26,0,1,1
BRDA:35,1,0,0
BRDA:35,1,1,1
BRF:4
BRH:2
end_of_record
TN:
SF:src\controllers\admin\settings.ts
FN:15,getSettings
FN:24,updateSettings
FNF:2
FNH:2
FNDA:1,getSettings
FNDA:1,updateSettings
DA:7,8
DA:16,1
DA:17,1
DA:18,0
DA:20,1
DA:21,1
DA:25,1
DA:26,1
DA:27,0
DA:29,1
DA:30,1
LF:11
LH:9
BRDA:17,0,0,0
BRDA:17,0,1,1
BRDA:26,1,0,0
BRDA:26,1,1,1
BRF:4
BRH:2
end_of_record
TN:
SF:src\controllers\admin\slas.ts
FN:21,listSlas
FN:26,createSla
FN:35,updateSla
FN:48,deleteSla
FN:55,uploadSlas
FNF:5
FNH:5
FNDA:1,listSlas
FNDA:1,createSla
FNDA:1,updateSla
FNDA:1,deleteSla
FNDA:1,uploadSlas
DA:13,8
DA:22,1
DA:23,1
DA:27,1
DA:28,1
DA:29,0
DA:31,1
DA:32,1
DA:36,1
DA:37,1
DA:39,1
DA:40,1
DA:41,0
DA:44,1
DA:45,1
DA:49,1
DA:50,1
DA:51,1
DA:52,1
DA:56,1
DA:57,1
DA:58,1
DA:59,0
DA:62,1
DA:63,1
DA:64,1
DA:66,1
DA:67,1
LF:28
LH:25
BRDA:28,0,0,0
BRDA:28,0,1,1
BRDA:37,1,0,0
BRDA:37,1,1,1
BRDA:40,2,0,0
BRDA:40,2,1,1
BRDA:50,3,0,0
BRDA:50,3,1,1
BRDA:57,4,0,0
BRDA:57,4,1,1
BRDA:58,5,0,0
BRDA:58,5,1,1
BRF:12
BRH:6
end_of_record
TN:
SF:src\controllers\admin\users.ts
FN:20,listUsers
FN:25,createUser
FN:34,updateUser
FN:47,deleteUser
FNF:4
FNH:4
FNDA:1,listUsers
FNDA:1,createUser
FNDA:1,updateUser
FNDA:1,deleteUser
DA:12,8
DA:21,1
DA:22,1
DA:26,1
DA:27,1
DA:28,0
DA:30,1
DA:31,1
DA:35,1
DA:36,1
DA:38,1
DA:39,1
DA:40,0
DA:43,1
DA:44,1
DA:48,1
DA:49,1
DA:50,1
DA:51,1
LF:19
LH:17
BRDA:27,0,0,0
BRDA:27,0,1,1
BRDA:36,1,0,0
BRDA:36,1,1,1
BRDA:39,2,0,0
BRDA:39,2,1,1
BRDA:49,3,0,0
BRDA:49,3,1,1
BRF:8
BRH:4
end_of_record
TN:
SF:src\lib\business-hours.ts
FN:1,businessHoursBetween
FN:7,toWorkMoment
FNF:2
FNH:2
FNDA:8,businessHoursBetween
FNDA:6,toWorkMoment
DA:2,8
DA:4,6
DA:5,6
DA:8,6
DA:9,6
DA:10,7
DA:11,7
DA:12,0
DA:13,0
DA:14,0
DA:16,7
DA:17,0
DA:18,0
DA:19,0
DA:21,7
DA:22,7
DA:23,1
DA:24,6
DA:25,1
DA:26,1
DA:27,1
DA:29,6
DA:31,6
DA:34,6
DA:35,6
DA:37,6
DA:38,6
DA:40,6
DA:41,10
DA:42,10
DA:43,1
DA:44,1
DA:45,1
DA:47,9
DA:48,9
DA:49,9
DA:50,10
DA:51,10
DA:52,10
DA:55,6
LF:40
LH:34
BRDA:2,0,0,2
BRDA:2,0,1,6
BRDA:11,1,0,0
BRDA:11,1,1,7
BRDA:16,2,0,0
BRDA:16,2,1,7
BRDA:22,3,0,1
BRDA:22,3,1,6
BRDA:24,4,0,1
BRDA:24,4,1,5
BRDA:35,5,0,0
BRDA:35,5,1,6
BRDA:42,6,0,1
BRDA:42,6,1,9
BRDA:42,7,0,10
BRDA:42,7,1,10
BRDA:43,8,0,0
BRDA:43,8,1,1
BRDA:49,9,0,4
BRDA:49,9,1,5
BRF:20
BRH:16
end_of_record
TN:
SF:src\lib\errors.ts
FN:2,constructor
FNF:1
FNH:1
FNDA:4,constructor
DA:3,4
DA:6,4
DA:7,4
LF:3
LH:3
BRF:0
BRH:0
end_of_record
TN:
SF:src\lib\id.ts
FN:5,generateSolicitacaoId
FNF:1
FNH:1
FNDA:2,generateSolicitacaoId
DA:3,8
DA:6,2
LF:2
LH:2
BRF:0
BRH:0
end_of_record
TN:
SF:src\lib\metrics.ts
FNF:0
FNH:0
DA:3,6
DA:5,6
DA:11,6
DA:18,6
LF:4
LH:4
BRF:0
BRH:0
end_of_record
TN:
SF:src\lib\prisma.ts
FNF:0
FNH:0
DA:3,1
LF:1
LH:1
BRDA:4,0,0,0
BRDA:4,0,1,1
BRF:2
BRH:1
end_of_record
TN:
SF:src\lib\utils.ts
FN:1,addBusinessDays
FN:12,formatDate
FNF:2
FNH:0
FNDA:0,addBusinessDays
FNDA:0,formatDate
DA:2,0
DA:3,0
DA:4,0
DA:5,0
DA:6,0
DA:7,0
DA:9,0
DA:13,0
DA:14,0
LF:9
LH:0
BRDA:7,0,0,0
BRDA:7,0,1,0
BRDA:7,1,0,0
BRDA:7,1,1,0
BRDA:13,2,0,0
BRDA:13,2,1,0
BRF:6
BRH:0
end_of_record
TN:
SF:src\lib\auth\claims-mapper.ts
FN:35,mapClaims
FN:45,resolveRole
FN:52,resolveSetor
FNF:3
FNH:0
FNDA:0,mapClaims
FNDA:0,resolveRole
FNDA:0,resolveSetor
DA:6,8
DA:11,8
DA:36,0
DA:46,0
DA:47,0
DA:49,0
DA:53,0
DA:54,0
DA:56,0
LF:9
LH:2
BRDA:39,0,0,0
BRDA:39,0,1,0
BRDA:40,1,0,0
BRDA:40,1,1,0
BRDA:40,2,0,0
BRDA:40,2,1,0
BRDA:47,3,0,0
BRDA:47,3,1,0
BRDA:53,4,0,0
BRDA:53,4,1,0
BRDA:53,5,0,0
BRDA:53,5,1,0
BRF:12
BRH:0
end_of_record
TN:
SF:src\lib\auth\jwt.ts
FN:12,(anonymous_0)
FN:17,signLocalToken
FN:25,verifyLocalToken
FN:30,verifyOidcToken
FNF:4
FNH:3
FNDA:86,(anonymous_0)
FNDA:14,signLocalToken
FNDA:72,verifyLocalToken
FNDA:0,verifyOidcToken
DA:12,8
DA:13,86
DA:18,14
DA:26,72
DA:27,71
DA:31,0
DA:32,0
DA:34,0
DA:35,0
DA:39,0
LF:10
LH:5
BRDA:14,0,0,86
BRDA:14,0,1,86
BRDA:21,1,0,14
BRDA:21,1,1,14
BRDA:32,2,0,0
BRDA:32,2,1,0
BRF:6
BRH:4
end_of_record
TN:
SF:src\lib\auth\middleware.ts
FN:21,authenticate
FN:43,requireRole
FN:44,(anonymous_2)
FN:51,requireSetor
FN:52,(anonymous_4)
FN:59,requireTravaEditor
FN:62,(anonymous_6)
FNF:7
FNH:7
FNDA:73,authenticate
FNDA:64,requireRole
FNDA:31,(anonymous_2)
FNDA:40,requireSetor
FNDA:6,(anonymous_4)
FNDA:7,requireTravaEditor
FNDA:2,(anonymous_6)
DA:22,73
DA:23,73
DA:24,1
DA:25,1
DA:28,72
DA:29,72
DA:31,73
DA:32,73
DA:33,0
DA:34,0
DA:36,72
DA:39,1
DA:44,64
DA:45,31
DA:46,1
DA:52,40
DA:53,6
DA:54,1
DA:60,7
DA:61,2
DA:62,2
DA:63,7
DA:64,1
LF:23
LH:21
BRDA:23,0,0,1
BRDA:23,0,1,72
BRDA:29,1,0,72
BRDA:29,1,1,72
BRDA:32,2,0,0
BRDA:32,2,1,72
BRDA:45,3,0,1
BRDA:45,3,1,30
BRDA:53,4,0,1
BRDA:53,4,1,5
BRDA:60,5,0,5
BRDA:60,5,1,2
BRDA:62,6,0,2
BRDA:62,6,1,0
BRDA:63,7,0,1
BRDA:63,7,1,6
BRF:16
BRH:14
end_of_record
TN:
SF:src\lib\email\send.ts
FN:4,(anonymous_0)
FN:5,(anonymous_1)
FN:6,(anonymous_2)
FN:8,getNotificationEmails
FN:20,(anonymous_4)
FN:21,(anonymous_5)
FN:41,sendNovaSolicitacaoEmail
FN:62,(anonymous_7)
FN:97,(anonymous_8)
FN:120,sendConfirmacaoSolicitacaoEmail
FN:138,(anonymous_10)
FN:191,sendStatusAtualizadoEmail
FNF:12
FNH:0
FNDA:0,(anonymous_0)
FNDA:0,(anonymous_1)
FNDA:0,(anonymous_2)
FNDA:0,getNotificationEmails
FNDA:0,(anonymous_4)
FNDA:0,(anonymous_5)
FNDA:0,sendNovaSolicitacaoEmail
FNDA:0,(anonymous_7)
FNDA:0,(anonymous_8)
FNDA:0,sendConfirmacaoSolicitacaoEmail
FNDA:0,(anonymous_10)
FNDA:0,sendStatusAtualizadoEmail
DA:4,6
DA:5,6
DA:6,6
DA:10,0
DA:12,0
DA:17,0
DA:18,0
DA:20,0
DA:21,0
DA:42,0
DA:44,0
DA:45,0
DA:46,0
DA:48,0
DA:49,0
DA:52,0
DA:64,0
DA:76,0
DA:96,0
DA:98,0
DA:107,0
DA:121,0
DA:123,0
DA:124,0
DA:125,0
DA:128,0
DA:140,0
DA:152,0
DA:177,0
DA:192,0
DA:194,0
DA:195,0
DA:196,0
DA:197,0
DA:199,0
DA:220,0
LF:36
LH:3
BRDA:5,0,0,0
BRDA:5,0,1,0
BRDA:6,1,0,0
BRDA:6,1,1,0
BRDA:10,2,0,0
BRDA:10,2,1,0
BRDA:17,3,0,0
BRDA:17,3,1,0
BRDA:17,3,2,0
BRDA:42,4,0,0
BRDA:42,4,1,0
BRDA:42,5,0,0
BRDA:42,5,1,0
BRDA:46,6,0,0
BRDA:46,6,1,0
BRDA:48,7,0,0
BRDA:48,7,1,0
BRDA:49,8,0,0
BRDA:49,8,1,0
BRDA:52,9,0,0
BRDA:52,9,1,0
BRDA:52,10,0,0
BRDA:52,10,1,0
BRDA:64,11,0,0
BRDA:64,11,1,0
BRDA:69,12,0,0
BRDA:69,12,1,0
BRDA:69,13,0,0
BRDA:69,13,1,0
BRDA:121,14,0,0
BRDA:121,14,1,0
BRDA:121,15,0,0
BRDA:121,15,1,0
BRDA:124,16,0,0
BRDA:124,16,1,0
BRDA:125,17,0,0
BRDA:125,17,1,0
BRDA:128,18,0,0
BRDA:128,18,1,0
BRDA:128,19,0,0
BRDA:128,19,1,0
BRDA:140,20,0,0
BRDA:140,20,1,0
BRDA:145,21,0,0
BRDA:145,21,1,0
BRDA:145,22,0,0
BRDA:145,22,1,0
BRDA:192,23,0,0
BRDA:192,23,1,0
BRDA:192,24,0,0
BRDA:192,24,1,0
BRDA:195,25,0,0
BRDA:195,25,1,0
BRDA:196,26,0,0
BRDA:196,26,1,0
BRDA:197,27,0,0
BRDA:197,27,1,0
BRDA:212,28,0,0
BRDA:212,28,1,0
BRDA:213,29,0,0
BRDA:213,29,1,0
BRDA:213,30,0,0
BRDA:213,30,1,0
BRF:63
BRH:0
end_of_record
TN:
SF:src\lib\validations\admin.ts
FNF:0
FNH:0
DA:3,8
DA:13,8
DA:20,8
DA:31,8
DA:37,8
DA:43,8
DA:48,8
DA:57,8
DA:73,8
DA:77,8
DA:82,8
LF:11
LH:11
BRF:0
BRH:0
end_of_record
TN:
SF:src\lib\validations\liberacao.ts
FNF:0
FNH:0
DA:3,8
DA:16,8
DA:34,8
DA:41,8
DA:45,8
LF:5
LH:5
BRF:0
BRH:0
end_of_record
TN:
SF:src\lib\validations\transferencia.ts
FN:35,(anonymous_0)
FNF:1
FNH:1
FNDA:1,(anonymous_0)
DA:3,8
DA:16,8
DA:24,8
DA:29,8
DA:36,1
DA:37,0
LF:6
LH:5
BRDA:36,0,0,0
BRDA:36,0,1,1
BRDA:36,1,0,1
BRDA:36,1,1,0
BRDA:36,1,2,0
BRF:5
BRH:2
end_of_record
TN:
SF:src\lib\validations\user.ts
FNF:0
FNH:0
DA:3,8
DA:8,8
LF:2
LH:2
BRF:0
BRH:0
end_of_record
TN:
SF:src\routes\auth.ts
FN:5,authRoutes
FNF:1
FNH:1
FNDA:8,authRoutes
DA:6,8
DA:7,8
DA:8,8
DA:9,8
LF:4
LH:4
BRF:0
BRH:0
end_of_record
TN:
SF:src\routes\dados-mestres.ts
FN:5,dadosMestresRoutes
FNF:1
FNH:1
FNDA:8,dadosMestresRoutes
DA:6,8
DA:7,8
DA:8,8
DA:9,8
DA:10,8
LF:5
LH:5
BRF:0
BRH:0
end_of_record
TN:
SF:src\routes\dashboard.ts
FN:5,dashboardRoutes
FNF:1
FNH:1
FNDA:8,dashboardRoutes
DA:6,8
LF:1
LH:1
BRF:0
BRH:0
end_of_record
TN:
SF:src\routes\health.ts
FN:4,healthRoutes
FN:5,(anonymous_1)
FNF:2
FNH:2
FNDA:8,healthRoutes
FNDA:1,(anonymous_1)
DA:5,8
DA:6,1
DA:7,1
DA:8,1
DA:14,0
LF:5
LH:4
BRF:0
BRH:0
end_of_record
TN:
SF:src\routes\index.ts
FN:13,registerRoutes
FN:21,(anonymous_1)
FNF:2
FNH:2
FNDA:8,registerRoutes
FNDA:8,(anonymous_1)
DA:14,8
DA:17,8
DA:18,8
DA:21,8
DA:22,8
DA:23,8
DA:24,8
DA:25,8
DA:26,8
DA:27,8
DA:28,8
LF:11
LH:11
BRF:0
BRH:0
end_of_record
TN:
SF:src\routes\liberacoes.ts
FN:5,liberacoesRoutes
FNF:1
FNH:1
FNDA:8,liberacoesRoutes
DA:6,8
DA:7,8
DA:8,8
DA:9,8
DA:10,8
DA:11,8
DA:12,8
LF:7
LH:7
BRF:0
BRH:0
end_of_record
TN:
SF:src\routes\metrics.ts
FN:4,metricsRoutes
FN:5,(anonymous_1)
FNF:2
FNH:1
FNDA:8,metricsRoutes
FNDA:0,(anonymous_1)
DA:5,8
DA:6,0
DA:7,0
LF:3
LH:1
BRF:0
BRH:0
end_of_record
TN:
SF:src\routes\transferencias.ts
FN:5,transferenciasRoutes
FNF:1
FNH:1
FNDA:8,transferenciasRoutes
DA:6,8
DA:7,8
DA:8,8
DA:9,8
DA:10,8
DA:11,8
DA:12,8
DA:13,8
LF:8
LH:8
BRF:0
BRH:0
end_of_record
TN:
SF:src\routes\travas.ts
FN:5,travasRoutes
FNF:1
FNH:1
FNDA:8,travasRoutes
DA:7,8
DA:8,8
DA:9,8
DA:12,8
DA:13,8
DA:16,8
DA:17,8
DA:18,8
DA:19,8
LF:9
LH:9
BRF:0
BRH:0
end_of_record
TN:
SF:src\routes\admin\centros.ts
FN:5,adminCentrosRoutes
FNF:1
FNH:1
FNDA:8,adminCentrosRoutes
DA:6,8
DA:8,8
DA:9,8
DA:10,8
DA:11,8
DA:12,8
LF:6
LH:6
BRF:0
BRH:0
end_of_record
TN:
SF:src\routes\admin\constantes.ts
FN:5,adminConstantesRoutes
FNF:1
FNH:1
FNDA:8,adminConstantesRoutes
DA:6,8
DA:8,8
DA:9,8
LF:3
LH:3
BRF:0
BRH:0
end_of_record
TN:
SF:src\routes\admin\index.ts
FN:11,adminRoutes
FNF:1
FNH:1
FNDA:8,adminRoutes
DA:12,8
DA:13,8
DA:14,8
DA:15,8
DA:16,8
DA:17,8
DA:18,8
DA:19,8
LF:8
LH:8
BRF:0
BRH:0
end_of_record
TN:
SF:src\routes\admin\marcas.ts
FN:5,adminMarcasRoutes
FNF:1
FNH:1
FNDA:8,adminMarcasRoutes
DA:6,8
DA:8,8
DA:9,8
DA:10,8
DA:11,8
DA:12,8
LF:6
LH:6
BRF:0
BRH:0
end_of_record
TN:
SF:src\routes\admin\products.ts
FN:5,adminProductsRoutes
FNF:1
FNH:1
FNDA:8,adminProductsRoutes
DA:6,8
DA:8,8
DA:9,8
DA:10,8
DA:11,8
DA:12,8
DA:13,8
LF:7
LH:7
BRF:0
BRH:0
end_of_record
TN:
SF:src\routes\admin\restricoes.ts
FN:5,adminRestricoesRoutes
FNF:1
FNH:1
FNDA:8,adminRestricoesRoutes
DA:6,8
DA:8,8
DA:9,8
DA:10,8
LF:4
LH:4
BRF:0
BRH:0
end_of_record
TN:
SF:src\routes\admin\settings.ts
FN:5,adminSettingsRoutes
FNF:1
FNH:1
FNDA:8,adminSettingsRoutes
DA:6,8
DA:8,8
DA:9,8
LF:3
LH:3
BRF:0
BRH:0
end_of_record
TN:
SF:src\routes\admin\slas.ts
FN:5,adminSlasRoutes
FNF:1
FNH:1
FNDA:8,adminSlasRoutes
DA:6,8
DA:8,8
DA:9,8
DA:10,8
DA:11,8
DA:12,8
LF:6
LH:6
BRF:0
BRH:0
end_of_record
TN:
SF:src\routes\admin\users.ts
FN:5,adminUsersRoutes
FNF:1
FNH:1
FNDA:8,adminUsersRoutes
DA:6,8
DA:8,8
DA:9,8
DA:10,8
DA:11,8
LF:5
LH:5
BRF:0
BRH:0
end_of_record
TN:
SF:src\services\auth.ts
FN:38,loginService
FN:66,getMeService
FN:75,registerService
FNF:3
FNH:3
FNDA:2,loginService
FNDA:1,getMeService
FNDA:2,registerService
DA:39,2
DA:40,2
DA:42,2
DA:43,2
DA:45,1
DA:53,1
DA:67,1
DA:71,1
DA:72,1
DA:76,2
DA:77,2
DA:79,1
DA:80,1
LF:13
LH:13
BRDA:40,0,0,0
BRDA:40,0,1,2
BRDA:40,1,0,2
BRDA:40,1,1,2
BRDA:43,2,0,1
BRDA:43,2,1,1
BRDA:48,3,0,1
BRDA:48,3,1,0
BRDA:71,4,0,0
BRDA:71,4,1,1
BRDA:77,5,0,1
BRDA:77,5,1,1
BRF:12
BRH:9
end_of_record
TN:
SF:src\services\dados-mestres.ts
FN:4,listCentrosService
FN:8,listSlasService
FN:12,listRestricoesService
FN:16,getConstantesService
FN:21,getProdutoByCodigoService
FNF:5
FNH:5
FNDA:1,listCentrosService
FNDA:1,listSlasService
FNDA:1,listRestricoesService
FNDA:1,getConstantesService
FNDA:2,getProdutoByCodigoService
DA:5,1
DA:9,1
DA:13,1
DA:17,1
DA:18,1
DA:22,2
DA:26,2
DA:27,1
LF:8
LH:8
BRDA:18,0,0,1
BRDA:18,0,1,1
BRDA:26,1,0,1
BRDA:26,1,1,1
BRF:4
BRH:4
end_of_record
TN:
SF:src\services\dashboard.ts
FN:9,getDashboardService
FN:22,(anonymous_1)
FN:23,(anonymous_2)
FN:24,(anonymous_3)
FN:27,(anonymous_4)
FN:28,(anonymous_5)
FN:29,(anonymous_6)
FN:32,(anonymous_7)
FN:43,(anonymous_8)
FN:60,(anonymous_9)
FN:63,(anonymous_10)
FN:65,(anonymous_11)
FN:66,(anonymous_12)
FN:73,(anonymous_13)
FN:74,(anonymous_14)
FN:77,(anonymous_15)
FN:78,(anonymous_16)
FN:79,(anonymous_17)
FN:82,(anonymous_18)
FNF:19
FNH:1
FNDA:1,getDashboardService
FNDA:0,(anonymous_1)
FNDA:0,(anonymous_2)
FNDA:0,(anonymous_3)
FNDA:0,(anonymous_4)
FNDA:0,(anonymous_5)
FNDA:0,(anonymous_6)
FNDA:0,(anonymous_7)
FNDA:0,(anonymous_8)
FNDA:0,(anonymous_9)
FNDA:0,(anonymous_10)
FNDA:0,(anonymous_11)
FNDA:0,(anonymous_12)
FNDA:0,(anonymous_13)
FNDA:0,(anonymous_14)
FNDA:0,(anonymous_15)
FNDA:0,(anonymous_16)
FNDA:0,(anonymous_17)
FNDA:0,(anonymous_18)
DA:10,1
DA:11,1
DA:12,1
DA:14,1
DA:22,1
DA:23,1
DA:24,1
DA:26,1
DA:27,0
DA:28,0
DA:29,0
DA:32,1
DA:34,1
DA:35,1
DA:36,0
DA:37,0
DA:38,0
DA:39,0
DA:40,0
DA:41,0
DA:43,1
DA:45,1
DA:46,1
DA:48,0
DA:51,0
DA:52,0
DA:53,0
DA:54,0
DA:55,0
DA:57,0
DA:59,1
DA:60,0
DA:63,0
DA:65,0
DA:66,0
DA:69,1
DA:73,1
DA:74,1
DA:76,1
DA:77,0
DA:78,0
DA:79,0
DA:82,1
DA:84,1
LF:44
LH:21
BRDA:32,0,0,0
BRDA:32,0,1,1
BRDA:37,1,0,0
BRDA:37,1,1,0
BRDA:39,2,0,0
BRDA:39,2,1,0
BRDA:40,3,0,0
BRDA:40,3,1,0
BRDA:48,4,0,0
BRDA:48,4,1,0
BRDA:48,5,0,0
BRDA:48,5,1,0
BRDA:50,6,0,0
BRDA:50,6,1,0
BRDA:51,7,0,0
BRDA:51,7,1,0
BRDA:53,8,0,0
BRDA:53,8,1,0
BRDA:55,9,0,0
BRDA:55,9,1,0
BRDA:63,10,0,0
BRDA:63,10,1,0
BRDA:66,11,0,0
BRDA:66,11,1,0
BRDA:66,12,0,0
BRDA:66,12,1,0
BRDA:82,13,0,0
BRDA:82,13,1,1
BRF:28
BRH:2
end_of_record
TN:
SF:src\services\liberacoes.ts
FN:25,listLiberacoesService
FN:70,createLiberacaoService
FN:71,(anonymous_2)
FN:73,(anonymous_3)
FN:73,(anonymous_4)
FN:96,(anonymous_5)
FN:135,getLiberacaoService
FN:149,updateLiberacaoService
FN:178,deleteLiberacaoService
FN:185,getLiberacaoItemService
FN:199,updateLiberacaoItemService
FNF:11
FNH:11
FNDA:1,listLiberacoesService
FNDA:1,createLiberacaoService
FNDA:1,(anonymous_2)
FNDA:1,(anonymous_3)
FNDA:1,(anonymous_4)
FNDA:1,(anonymous_5)
FNDA:1,getLiberacaoService
FNDA:1,updateLiberacaoService
FNDA:1,deleteLiberacaoService
FNDA:1,getLiberacaoItemService
FNDA:1,updateLiberacaoItemService
DA:26,1
DA:27,1
DA:29,1
DA:52,1
DA:67,1
DA:71,1
DA:72,1
DA:73,1
DA:74,1
DA:75,0
DA:78,1
DA:79,1
DA:80,1
DA:81,1
DA:82,0
DA:85,1
DA:87,1
DA:96,1
DA:117,1
DA:119,1
DA:130,1
DA:132,1
DA:136,1
DA:144,1
DA:145,1
DA:146,1
DA:150,1
DA:151,1
DA:153,1
DA:167,1
DA:175,1
DA:179,1
DA:180,1
DA:181,1
DA:182,1
DA:186,1
DA:192,1
DA:193,1
DA:194,0
DA:196,1
DA:200,1
DA:204,1
DA:206,1
DA:214,1
DA:222,1
LF:45
LH:42
BRDA:30,0,0,0
BRDA:30,0,1,1
BRDA:31,1,0,0
BRDA:31,1,1,1
BRDA:32,2,0,0
BRDA:32,2,1,1
BRDA:74,3,0,0
BRDA:74,3,1,1
BRDA:81,4,0,1
BRDA:81,4,1,0
BRDA:144,5,0,0
BRDA:144,5,1,1
BRDA:145,6,0,0
BRDA:145,6,1,1
BRDA:145,7,0,1
BRDA:145,7,1,1
BRDA:151,8,0,0
BRDA:151,8,1,1
BRDA:158,9,0,0
BRDA:158,9,1,1
BRDA:180,10,0,0
BRDA:180,10,1,1
BRDA:181,11,0,0
BRDA:181,11,1,1
BRDA:181,12,0,1
BRDA:181,12,1,1
BRDA:192,13,0,0
BRDA:192,13,1,1
BRDA:193,14,0,0
BRDA:193,14,1,1
BRDA:193,15,0,1
BRDA:193,15,1,1
BRDA:204,16,0,0
BRDA:204,16,1,1
BRF:34
BRH:20
end_of_record
TN:
SF:src\services\transferencias.ts
FN:40,listTransferenciasService
FN:87,createTransferenciaService
FN:91,(anonymous_2)
FN:93,(anonymous_3)
FN:93,(anonymous_4)
FN:111,(anonymous_5)
FN:129,(anonymous_6)
FN:131,(anonymous_7)
FN:133,(anonymous_8)
FN:135,(anonymous_9)
FN:153,(anonymous_10)
FN:161,(anonymous_11)
FN:187,exportTransferenciasService
FN:223,(anonymous_13)
FN:224,(anonymous_14)
FN:226,(anonymous_15)
FN:228,(anonymous_16)
FN:249,getTransferenciaService
FN:263,updateTransferenciaService
FN:291,deleteTransferenciaService
FN:298,getTransferenciaItemService
FN:312,updateTransferenciaItemService
FNF:22
FNH:18
FNDA:1,listTransferenciasService
FNDA:1,createTransferenciaService
FNDA:1,(anonymous_2)
FNDA:1,(anonymous_3)
FNDA:1,(anonymous_4)
FNDA:1,(anonymous_5)
FNDA:1,(anonymous_6)
FNDA:0,(anonymous_7)
FNDA:1,(anonymous_8)
FNDA:1,(anonymous_9)
FNDA:1,(anonymous_10)
FNDA:1,(anonymous_11)
FNDA:1,exportTransferenciasService
FNDA:0,(anonymous_13)
FNDA:0,(anonymous_14)
FNDA:2,(anonymous_15)
FNDA:0,(anonymous_16)
FNDA:1,getTransferenciaService
FNDA:1,updateTransferenciaService
FNDA:1,deleteTransferenciaService
FNDA:1,getTransferenciaItemService
FNDA:1,updateTransferenciaItemService
DA:41,1
DA:42,1
DA:44,1
DA:61,1
DA:84,1
DA:91,1
DA:92,1
DA:93,1
DA:94,1
DA:95,0
DA:98,1
DA:99,1
DA:100,1
DA:101,1
DA:102,0
DA:105,1
DA:111,1
DA:129,1
DA:130,1
DA:131,1
DA:132,1
DA:133,1
DA:135,1
DA:136,1
DA:137,1
DA:138,1
DA:139,1
DA:142,1
DA:152,1
DA:154,1
DA:155,1
DA:156,0
DA:160,1
DA:161,1
DA:164,1
DA:182,1
DA:184,1
DA:188,1
DA:204,1
DA:211,1
DA:212,1
DA:213,0
DA:214,0
DA:215,0
DA:216,0
DA:218,0
DA:222,1
DA:223,1
DA:224,1
DA:226,1
DA:227,2
DA:228,0
DA:240,1
DA:241,1
DA:242,1
DA:244,1
DA:245,1
DA:246,1
DA:250,1
DA:258,1
DA:259,1
DA:260,1
DA:264,1
DA:265,1
DA:267,1
DA:280,1
DA:288,1
DA:292,1
DA:293,1
DA:294,1
DA:295,1
DA:299,1
DA:305,1
DA:306,1
DA:307,0
DA:309,1
DA:313,1
DA:317,1
DA:319,1
DA:324,1
DA:325,0
DA:328,1
DA:329,0
DA:333,0
DA:336,1
DA:344,1
DA:354,1
LF:87
LH:74
BRDA:45,0,0,0
BRDA:45,0,1,1
BRDA:46,1,0,0
BRDA:46,1,1,1
BRDA:47,2,0,0
BRDA:47,2,1,1
BRDA:48,3,0,0
BRDA:48,3,1,1
BRDA:94,4,0,0
BRDA:94,4,1,1
BRDA:101,5,0,1
BRDA:101,5,1,0
BRDA:138,6,0,0
BRDA:138,6,1,1
BRDA:139,7,0,0
BRDA:139,7,1,1
BRDA:144,8,0,1
BRDA:144,8,1,0
BRDA:155,9,0,1
BRDA:155,9,1,0
BRDA:189,10,0,0
BRDA:189,10,1,1
BRDA:190,11,0,0
BRDA:190,11,1,1
BRDA:191,12,0,0
BRDA:191,12,1,1
BRDA:215,13,0,0
BRDA:215,13,1,0
BRDA:258,14,0,0
BRDA:258,14,1,1
BRDA:259,15,0,0
BRDA:259,15,1,1
BRDA:259,16,0,1
BRDA:259,16,1,1
BRDA:265,17,0,0
BRDA:265,17,1,1
BRDA:271,18,0,0
BRDA:271,18,1,1
BRDA:293,19,0,0
BRDA:293,19,1,1
BRDA:294,20,0,0
BRDA:294,20,1,1
BRDA:294,21,0,1
BRDA:294,21,1,1
BRDA:305,22,0,0
BRDA:305,22,1,1
BRDA:306,23,0,0
BRDA:306,23,1,1
BRDA:306,24,0,1
BRDA:306,24,1,1
BRDA:317,25,0,0
BRDA:317,25,1,1
BRDA:321,26,0,1
BRDA:321,26,1,1
BRDA:324,27,0,0
BRDA:324,27,1,1
BRDA:324,28,0,1
BRDA:324,28,1,0
BRDA:328,29,0,0
BRDA:328,29,1,1
BRDA:333,30,0,0
BRDA:333,30,1,0
BRF:62
BRH:33
end_of_record
TN:
SF:src\services\trava-msgs.ts
FN:6,listTravaMensagensService
FN:19,createTravaMensagemService
FNF:2
FNH:2
FNDA:1,listTravaMensagensService
FNDA:1,createTravaMensagemService
DA:7,1
DA:8,1
DA:10,1
DA:24,1
DA:25,1
DA:27,1
LF:6
LH:6
BRDA:8,0,0,0
BRDA:8,0,1,1
BRDA:25,1,0,0
BRDA:25,1,1,1
BRF:4
BRH:2
end_of_record
TN:
SF:src\services\travas.ts
FN:42,mapArea
FN:48,mapStatus
FN:55,mapSistema
FN:62,mapTransVenda
FN:66,listTravasService
FN:92,listTravasByAreaService
FN:95,(anonymous_6)
FN:97,(anonymous_7)
FN:101,getTravaService
FN:107,createTravaService
FN:111,updateTravaService
FN:117,deleteTravaService
FN:123,uploadTravasCsvService
FN:127,(anonymous_13)
FN:143,(anonymous_14)
FNF:15
FNH:13
FNDA:1,mapArea
FNDA:1,mapStatus
FNDA:1,mapSistema
FNDA:1,mapTransVenda
FNDA:1,listTravasService
FNDA:1,listTravasByAreaService
FNDA:6,(anonymous_6)
FNDA:0,(anonymous_7)
FNDA:2,getTravaService
FNDA:2,createTravaService
FNDA:1,updateTravaService
FNDA:1,deleteTravaService
FNDA:1,uploadTravasCsvService
FNDA:6,(anonymous_13)
FNDA:0,(anonymous_14)
DA:43,1
DA:44,1
DA:45,1
DA:49,1
DA:50,1
DA:51,0
DA:52,0
DA:56,1
DA:57,1
DA:58,1
DA:59,1
DA:63,1
DA:67,1
DA:68,1
DA:70,1
DA:84,1
DA:89,1
DA:93,1
DA:94,1
DA:95,6
DA:97,0
DA:102,2
DA:103,2
DA:104,1
DA:108,2
DA:112,1
DA:113,1
DA:114,1
DA:118,1
DA:119,1
DA:120,1
DA:124,1
DA:128,6
DA:131,1
DA:133,1
DA:134,1
DA:136,1
DA:137,1
DA:138,1
DA:139,1
DA:141,1
DA:142,1
DA:143,0
DA:146,1
DA:162,1
DA:164,1
DA:165,1
DA:166,0
DA:167,0
DA:169,1
DA:170,1
DA:174,1
LF:52
LH:46
BRDA:45,0,0,1
BRDA:45,0,1,0
BRDA:50,1,0,1
BRDA:50,1,1,0
BRDA:50,2,0,1
BRDA:50,2,1,0
BRDA:51,3,0,0
BRDA:51,3,1,0
BRDA:51,4,0,0
BRDA:51,4,1,0
BRDA:57,5,0,0
BRDA:57,5,1,1
BRDA:58,6,0,0
BRDA:58,6,1,1
BRDA:63,7,0,0
BRDA:63,7,1,1
BRDA:71,8,0,0
BRDA:71,8,1,1
BRDA:72,9,0,0
BRDA:72,9,1,1
BRDA:73,10,0,0
BRDA:73,10,1,1
BRDA:97,11,0,6
BRDA:97,11,1,6
BRDA:103,12,0,1
BRDA:103,12,1,1
BRDA:113,13,0,0
BRDA:113,13,1,1
BRDA:119,14,0,0
BRDA:119,14,1,1
BRDA:131,15,0,0
BRDA:131,15,1,1
BRDA:137,16,0,1
BRDA:137,16,1,0
BRDA:138,17,0,1
BRDA:138,17,1,0
BRDA:139,18,0,0
BRDA:139,18,1,1
BRDA:139,19,0,1
BRDA:139,19,1,1
BRDA:141,20,0,1
BRDA:141,20,1,1
BRDA:142,21,0,0
BRDA:142,21,1,1
BRDA:149,22,0,1
BRDA:149,22,1,1
BRDA:151,23,0,1
BRDA:151,23,1,0
BRDA:152,24,0,1
BRDA:152,24,1,1
BRDA:152,24,2,1
BRDA:153,25,0,1
BRDA:153,25,1,1
BRDA:153,25,2,1
BRDA:154,26,0,1
BRDA:154,26,1,1
BRDA:154,26,2,1
BRDA:155,27,0,1
BRDA:155,27,1,1
BRDA:155,27,2,1
BRDA:156,28,0,1
BRDA:156,28,1,1
BRDA:156,28,2,1
BRDA:157,29,0,1
BRDA:157,29,1,1
BRDA:157,29,2,1
BRDA:158,30,0,1
BRDA:158,30,1,1
BRDA:158,30,2,1
BRDA:159,31,0,1
BRDA:159,31,1,1
BRDA:159,31,2,1
BRDA:162,32,0,0
BRDA:162,32,1,1
BRDA:165,33,0,0
BRDA:165,33,1,1
BRF:76
BRH:53
end_of_record
TN:
SF:src\services\admin\centros.ts
FN:13,listCentrosAdminService
FN:17,createCentroService
FN:23,updateCentroService
FN:29,deleteCentroService
FN:35,uploadCentrosCsvService
FN:39,(anonymous_5)
FNF:6
FNH:6
FNDA:1,listCentrosAdminService
FNDA:1,createCentroService
FNDA:1,updateCentroService
FNDA:1,deleteCentroService
FNDA:1,uploadCentrosCsvService
FNDA:4,(anonymous_5)
DA:14,1
DA:18,1
DA:19,1
DA:20,1
DA:24,1
DA:25,1
DA:26,1
DA:30,1
DA:31,1
DA:32,1
DA:36,1
DA:39,4
DA:42,1
DA:44,1
DA:45,1
DA:47,1
DA:48,1
DA:49,1
DA:50,1
DA:52,1
DA:53,1
DA:55,1
DA:56,1
DA:57,0
DA:58,0
DA:60,1
DA:61,1
DA:65,1
LF:28
LH:26
BRDA:19,0,0,0
BRDA:19,0,1,1
BRDA:25,1,0,0
BRDA:25,1,1,1
BRDA:31,2,0,0
BRDA:31,2,1,1
BRDA:42,3,0,0
BRDA:42,3,1,1
BRDA:48,4,0,1
BRDA:48,4,1,0
BRDA:49,5,0,1
BRDA:49,5,1,0
BRDA:49,5,2,0
BRDA:50,6,0,0
BRDA:50,6,1,1
BRDA:50,7,0,1
BRDA:50,7,1,1
BRDA:53,8,0,0
BRDA:53,8,1,1
BRDA:56,9,0,0
BRDA:56,9,1,1
BRF:21
BRH:11
end_of_record
TN:
SF:src\services\admin\constantes.ts
FN:4,getConstantesAdminService
FN:9,updateConstantesService
FNF:2
FNH:2
FNDA:1,getConstantesAdminService
FNDA:1,updateConstantesService
DA:5,1
DA:6,1
DA:10,1
LF:3
LH:3
BRDA:6,0,0,1
BRDA:6,0,1,0
BRF:2
BRH:1
end_of_record
TN:
SF:src\services\admin\marcas.ts
FN:19,listMarcasService
FN:35,createMarcaService
FN:41,updateMarcaService
FN:47,deleteMarcaService
FN:53,uploadMarcasCsvService
FN:57,(anonymous_5)
FN:62,(anonymous_6)
FNF:7
FNH:7
FNDA:1,listMarcasService
FNDA:1,createMarcaService
FNDA:1,updateMarcaService
FNDA:1,deleteMarcaService
FNDA:1,uploadMarcasCsvService
FNDA:4,(anonymous_5)
FNDA:1,(anonymous_6)
DA:20,1
DA:21,1
DA:23,1
DA:27,1
DA:32,1
DA:36,1
DA:37,1
DA:38,1
DA:42,1
DA:43,1
DA:44,1
DA:48,1
DA:49,1
DA:50,1
DA:54,1
DA:57,4
DA:60,1
DA:62,1
DA:63,1
DA:64,0
DA:67,1
DA:68,1
DA:70,1
DA:71,1
DA:72,1
DA:73,1
DA:75,1
DA:76,1
DA:77,0
DA:78,0
DA:80,1
DA:81,1
DA:82,1
DA:83,1
DA:87,1
LF:35
LH:32
BRDA:23,0,0,0
BRDA:23,0,1,1
BRDA:37,1,0,0
BRDA:37,1,1,1
BRDA:43,2,0,0
BRDA:43,2,1,1
BRDA:49,3,0,0
BRDA:49,3,1,1
BRDA:60,4,0,0
BRDA:60,4,1,1
BRDA:63,5,0,0
BRDA:63,5,1,1
BRDA:72,6,0,1
BRDA:72,6,1,0
BRDA:72,7,0,1
BRDA:72,7,1,0
BRDA:73,8,0,1
BRDA:73,8,1,1
BRDA:76,9,0,0
BRDA:76,9,1,1
BRDA:81,10,0,0
BRDA:81,10,1,1
BRF:22
BRH:12
end_of_record
TN:
SF:src\services\admin\products.ts
FN:24,listProductsService
FN:46,createProductService
FN:61,updateProductService
FN:68,deleteProductService
FN:75,uploadProductsCsvService
FN:79,(anonymous_5)
FN:127,clearProductsService
FNF:7
FNH:5
FNDA:1,listProductsService
FNDA:0,createProductService
FNDA:1,updateProductService
FNDA:1,deleteProductService
FNDA:1,uploadProductsCsvService
FNDA:16,(anonymous_5)
FNDA:0,clearProductsService
DA:25,1
DA:26,1
DA:28,1
DA:38,1
DA:43,1
DA:47,0
DA:49,0
DA:50,0
DA:52,0
DA:58,0
DA:62,1
DA:63,1
DA:65,1
DA:69,1
DA:70,1
DA:72,1
DA:76,1
DA:79,16
DA:82,1
DA:84,1
DA:85,1
DA:86,1
DA:88,1
DA:89,1
DA:90,1
DA:92,1
DA:103,1
DA:104,0
DA:105,0
DA:108,1
DA:114,1
DA:115,1
DA:116,0
DA:117,0
DA:119,1
DA:120,1
DA:124,1
DA:128,0
LF:38
LH:28
BRDA:28,0,0,0
BRDA:28,0,1,1
BRDA:50,1,0,0
BRDA:50,1,1,0
BRDA:63,2,0,0
BRDA:63,2,1,1
BRDA:70,3,0,0
BRDA:70,3,1,1
BRDA:82,4,0,0
BRDA:82,4,1,1
BRDA:89,5,0,1
BRDA:89,5,1,0
BRDA:90,6,0,0
BRDA:90,6,1,1
BRDA:94,7,0,1
BRDA:94,7,1,0
BRDA:95,8,0,1
BRDA:95,8,1,0
BRDA:96,9,0,1
BRDA:96,9,1,0
BRDA:97,10,0,1
BRDA:97,10,1,0
BRDA:98,11,0,1
BRDA:98,11,1,0
BRDA:98,12,0,1
BRDA:98,12,1,0
BRDA:99,13,0,1
BRDA:99,13,1,0
BRDA:100,14,0,1
BRDA:100,14,1,0
BRDA:100,15,0,1
BRDA:100,15,1,0
BRDA:103,16,0,0
BRDA:103,16,1,1
BRDA:115,17,0,0
BRDA:115,17,1,1
BRF:36
BRH:17
end_of_record
TN:
SF:src\services\admin\restricoes.ts
FN:5,listRestricoesAdminService
FN:9,createRestricaoService
FN:17,deleteRestricaoService
FNF:3
FNH:3
FNDA:1,listRestricoesAdminService
FNDA:1,createRestricaoService
FNDA:1,deleteRestricaoService
DA:6,1
DA:10,1
DA:13,1
DA:14,1
DA:18,1
DA:19,1
DA:20,1
LF:7
LH:7
BRDA:13,0,0,0
BRDA:13,0,1,1
BRDA:19,1,0,0
BRDA:19,1,1,1
BRF:4
BRH:2
end_of_record
TN:
SF:src\services\admin\settings.ts
FN:13,getSettingsService
FN:20,(anonymous_1)
FN:20,(anonymous_2)
FN:23,updateSettingsService
FN:29,(anonymous_4)
FN:30,(anonymous_5)
FN:36,(anonymous_6)
FNF:7
FNH:6
FNDA:1,getSettingsService
FNDA:4,(anonymous_1)
FNDA:0,(anonymous_2)
FNDA:1,updateSettingsService
FNDA:1,(anonymous_4)
FNDA:1,(anonymous_5)
FNDA:1,(anonymous_6)
DA:4,8
DA:14,1
DA:15,0
DA:16,0
DA:19,1
DA:20,4
DA:24,1
DA:25,1
DA:26,1
DA:27,1
DA:29,1
DA:30,1
DA:35,1
DA:37,1
DA:41,1
LF:15
LH:13
BRDA:14,0,0,0
BRDA:14,0,1,1
BRDA:14,1,0,1
BRDA:14,1,1,0
BRDA:16,2,0,0
BRDA:16,2,1,0
BRDA:20,3,0,4
BRDA:20,3,1,4
BRDA:26,4,0,1
BRDA:26,4,1,0
BRF:10
BRH:5
end_of_record
TN:
SF:src\services\admin\slas.ts
FN:17,listSlasAdminService
FN:21,createSlaService
FN:29,updateSlaService
FN:35,deleteSlaService
FN:41,uploadSlasCsvService
FN:45,(anonymous_5)
FNF:6
FNH:6
FNDA:1,listSlasAdminService
FNDA:1,createSlaService
FNDA:1,updateSlaService
FNDA:1,deleteSlaService
FNDA:1,uploadSlasCsvService
FNDA:12,(anonymous_5)
DA:18,1
DA:22,1
DA:25,1
DA:26,1
DA:30,1
DA:31,1
DA:32,1
DA:36,1
DA:37,1
DA:38,1
DA:42,1
DA:45,12
DA:48,1
DA:50,1
DA:51,1
DA:53,1
DA:54,1
DA:55,1
DA:56,1
DA:59,1
DA:60,1
DA:62,1
DA:64,1
DA:73,1
DA:75,1
DA:76,1
DA:77,0
DA:78,0
DA:80,1
DA:81,1
DA:85,1
LF:31
LH:29
BRDA:25,0,0,0
BRDA:25,0,1,1
BRDA:31,1,0,0
BRDA:31,1,1,1
BRDA:37,2,0,0
BRDA:37,2,1,1
BRDA:48,3,0,0
BRDA:48,3,1,1
BRDA:54,4,0,1
BRDA:54,4,1,0
BRDA:55,5,0,1
BRDA:55,5,1,0
BRDA:56,6,0,0
BRDA:56,6,1,1
BRDA:56,7,0,1
BRDA:56,7,1,1
BRDA:59,8,0,1
BRDA:59,8,1,0
BRDA:60,9,0,1
BRDA:60,9,1,0
BRDA:62,10,0,1
BRDA:62,10,1,0
BRDA:62,10,2,0
BRDA:69,11,0,1
BRDA:69,11,1,0
BRDA:69,12,0,1
BRDA:69,12,1,0
BRDA:70,13,0,1
BRDA:70,13,1,0
BRDA:73,14,0,0
BRDA:73,14,1,1
BRDA:76,15,0,0
BRDA:76,15,1,1
BRF:33
BRH:17
end_of_record
TN:
SF:src\services\admin\users.ts
FN:16,listUsersService
FN:23,createUserService
FN:41,updateUserService
FN:57,deleteUserService
FNF:4
FNH:4
FNDA:1,listUsersService
FNDA:1,createUserService
FNDA:1,updateUserService
FNDA:1,deleteUserService
DA:17,1
DA:24,1
DA:25,1
DA:27,1
DA:28,1
DA:42,1
DA:43,1
DA:45,1
DA:58,1
DA:60,1
DA:61,1
DA:63,1
LF:12
LH:12
BRDA:25,0,0,0
BRDA:25,0,1,1
BRDA:43,1,0,0
BRDA:43,1,1,1
BRDA:48,2,0,1
BRDA:48,2,1,0
BRDA:49,3,0,0
BRDA:49,3,1,1
BRDA:50,4,0,0
BRDA:50,4,1,1
BRDA:51,5,0,0
BRDA:51,5,1,1
BRDA:58,6,0,0
BRDA:58,6,1,1
BRDA:61,7,0,0
BRDA:61,7,1,1
BRF:16
BRH:8
end_of_record
TN:
SF:src\types\index.ts
FNF:0
FNH:0
LF:0
LH:0
BRF:0
BRH:0
end_of_record
